<?xml version="1.0" encoding="UTF-8"?>
<!-- Generated by org.testng.reporters.JUnitXMLReporter -->
<testsuite ignored="0" hostname="Niya" failures="0" tests="7" name="Surefire test" time="5.136" errors="0" timestamp="2025-10-26T16:38:32 WIB">
  <testcase classname="tests.AddProductTest" name="testAddProductSuccessfully" time="4.306"/>
  <testcase classname="tests.DeleteProductTest" name="testDeleteProductWithAuth" time="0.127"/>
  <testcase classname="tests.DeleteProductTest" name="testDeleteWithoutTokenShouldFail" time="0.102"/>
  <testcase classname="tests.GetProductTest" name="testGetAllProducts" time="0.159"/>
  <testcase classname="tests.LoginTest" name="testValidLogin" time="0.057"/>
  <testcase classname="tests.UpdateProductTest" name="testUpdateProductWithAuth" time="0.046"/>
  <testcase classname="tests.UpdateProductTest" name="testUpdateWithoutTokenShouldFail" time="0.038"/>
</testsuite> <!-- Surefire test -->
