<?xml version="1.0" encoding="UTF-8"?>
<testsuite xmlns:xsi="http://www.w3.org/2001/XMLSchema-instance" xsi:noNamespaceSchemaLocation="https://maven.apache.org/surefire/maven-surefire-plugin/xsd/surefire-test-report-3.0.xsd" version="3.0" name="TestSuite" time="6.01" tests="7" errors="0" skipped="0" failures="0">
  <properties>
[...]
</properties>
  <testcase name="testAddProductSuccessfully" classname="tests.AddProductTest" time="4.295">
    <system-err><![CDATA[SLF4J: Failed to load class "org.slf4j.impl.StaticLoggerBinder".
SLF4J: Defaulting to no-operation (NOP) logger implementation
SLF4J: See http://www.slf4j.org/codes.html#StaticLoggerBinder for further details.
]]></system-err>
  </testcase>
  <testcase name="testDeleteProductWithAuth" classname="tests.DeleteProductTest" time="0.127"/>
  <testcase name="testDeleteWithoutTokenShouldFail" classname="tests.DeleteProductTest" time="0.101"/>
  <testcase name="testGetAllProducts" classname="tests.GetProductTest" time="0.16"/>
  <testcase name="testValidLogin" classname="tests.LoginTest" time="0.059"/>
  <testcase name="testUpdateProductWithAuth" classname="tests.UpdateProductTest" time="0.046"/>
  <testcase name="testUpdateWithoutTokenShouldFail" classname="tests.UpdateProductTest" time="0.037"/>
</testsuite>